Arguments: 
  /usr/local/bin/node /usr/share/yarn/bin/yarn.js

PATH: 
  /root/PycharmProjects/voltEdgeSolutions/venv/bin:/root/anaconda3/bin:/root/PycharmProjects/voltEdgeSolutions/node_modules/.bin:/usr/local/sbin:/usr/local/bin:/usr/sbin:/usr/bin:/sbin:/bin:/snap/bin

Yarn version: 
  1.21.1

Node version: 
  12.3.0

Platform: 
  linux x64

Trace: 
  Error: Client network socket disconnected before secure TLS connection was established
      at TLSSocket.onConnectEnd (_tls_wrap.js:1354:19)
      at Object.onceWrapper (events.js:288:20)
      at TLSSocket.emit (events.js:205:15)
      at endReadableNT (_stream_readable.js:1137:12)
      at processTicksAndRejections (internal/process/task_queues.js:84:9)

npm manifest: 
  {
    "name": "voltEdgeSolutions",
    "version": "1.0.0",
    "main": "index.js",
    "scripts": {
      "dev": "webpack --mode development VoltsFrontEnd/src/index.js --output VoltsFrontEnd/static/frontend/main.js",
      "build": "webpack --mode production VoltsFrontEnd/src/index.js --output VoltsFrontEnd/static/frontend/main.js"
    },
    "keywords": [],
    "author": "",
    "license": "ISC",
    "devDependencies": {
      "@babel/core": "^7.5.5",
      "@babel/preset-env": "^7.5.5",
      "@babel/preset-react": "^7.0.0",
      "babel-eslint": "^10.0.3",
      "babel-loader": "^8.0.6",
      "babel-plugin-transform-class-properties": "^6.24.1",
      "css-loader": "^3.2.0",
      "eslint": "^6.2.2",
      "eslint-loader": "^3.0.0",
      "file-loader": "^4.2.0",
      "html-webpack-plugin": "^3.2.0",
      "image-webpack-loader": "^5.0.0",
      "node-sass": "^4.12.0",
      "redux-devtools-extension": "^2.13.8",
      "sass-loader": "^8.0.0",
      "style-loader": "^1.0.0",
      "ts-loader": "^6.0.4",
      "typescript": "^3.6.2",
      "webpack": "^4.40.2",
      "webpack-cli": "^3.3.7"
    },
    "dependencies": {
      "@fortawesome/fontawesome-svg-core": "^1.2.24",
      "@fortawesome/free-brands-svg-icons": "^5.11.1",
      "@fortawesome/free-solid-svg-icons": "^5.11.1",
      "@fortawesome/react-fontawesome": "^0.1.4",
      "@material-ui/core": "^4.3.3",
      "@material-ui/icons": "^4.2.1",
      "axios": "^0.19.0",
      "eslint-plugin-react": "^7.14.3",
      "prop-types": "^15.7.2",
      "react": "^16.9.0",
      "react-bootstrap": "^1.0.0-beta.12",
      "react-dom": "^16.9.0",
      "react-redux": "^7.1.1",
      "react-router-dom": "^5.0.1",
      "redux": "^4.0.4",
      "redux-thunk": "^2.3.0"
    },
    "description": ""
  }

yarn manifest: 
  No manifest

Lockfile: 
  No lockfile
